app/build/intermediates/manifest_merge_blame_file/debug/manifest-merger-blame-debug-report.txt
1<?xml version="1.0" encoding="utf-8"?>
2<manifest xmlns:android="http://schemas.android.com/apk/res/android"
3    package="com.example.tic_tac_toe"
4    android:versionCode="1"
5    android:versionName="1.0" >
6
7    <uses-sdk
8        android:minSdkVersion="19"
8-->src\main\AndroidManifest.xml
9        android:targetSdkVersion="30" />
9-->src\main\AndroidManifest.xml
10
11    <uses-permission android:name="android.permission.VIBRATE" />
11-->src\main\AndroidManifest.xml:24:5-65
11-->src\main\AndroidManifest.xml:24:22-63
12
13    <application
13-->src\main\AndroidManifest.xml:5:5-22:19
14        android:allowBackup="true"
14-->src\main\AndroidManifest.xml:6:9-35
15        android:appComponentFactory="androidx.core.app.CoreComponentFactory"
15-->[androidx.core:core:1.5.0] AndroidManifest.xml:24:18-86
16        android:debuggable="true"
17        android:icon="@drawable/ttt_ic_512"
17-->src\main\AndroidManifest.xml:7:9-44
18        android:label="@string/app_name"
18-->src\main\AndroidManifest.xml:8:9-41
19        android:roundIcon="@mipmap/ic_launcher_round"
19-->src\main\AndroidManifest.xml:9:9-54
20        android:supportsRtl="true"
20-->src\main\AndroidManifest.xml:10:9-35
21        android:testOnly="true"
22        android:theme="@style/Theme.Tic_Tac_Toe" >
22-->src\main\AndroidManifest.xml:11:9-49
23        <activity android:name="com.example.tic_tac_toe.MainActivity" >
23-->src\main\AndroidManifest.xml:12:9-13:20
23-->src\main\AndroidManifest.xml:12:19-47
24        </activity>
25        <activity android:name="com.example.tic_tac_toe.screenOne" >
25-->src\main\AndroidManifest.xml:14:9-19:20
25-->src\main\AndroidManifest.xml:14:19-44
26            <intent-filter>
26-->src\main\AndroidManifest.xml:15:9-18:25
27                <action android:name="android.intent.action.MAIN" />
27-->src\main\AndroidManifest.xml:16:13-65
27-->src\main\AndroidManifest.xml:16:21-62
28
29                <category android:name="android.intent.category.LAUNCHER" />
29-->src\main\AndroidManifest.xml:17:13-73
29-->src\main\AndroidManifest.xml:17:23-70
30            </intent-filter>
31        </activity>
32        <activity android:name="com.example.tic_tac_toe.screenEnd" >
32-->src\main\AndroidManifest.xml:20:9-21:20
32-->src\main\AndroidManifest.xml:20:19-44
33        </activity>
34    </application>
35
36</manifest>